Flow report for vga_driver_memory_double_buf
Thu Dec 14 12:43:45 2023
Quartus Prime Version 16.1.0 Build 196 10/24/2016 SJ Lite Edition


---------------------
; Table of Contents ;
---------------------
  1. Legal Notice
  2. Flow Summary
  3. Flow Settings
  4. Flow Non-Default Global Settings
  5. Flow Elapsed Time
  6. Flow OS Summary
  7. Flow Log
  8. Flow Messages
  9. Flow Suppressed Messages



----------------
; Legal Notice ;
----------------
Copyright (C) 2016  Intel Corporation. All rights reserved.
Your use of Intel Corporation's design tools, logic functions 
and other software and tools, and its AMPP partner logic 
functions, and any output files from any of the foregoing 
(including device programming or simulation files), and any 
associated documentation or information are expressly subject 
to the terms and conditions of the Intel Program License 
Subscription Agreement, the Intel Quartus Prime License Agreement,
the Intel MegaCore Function License Agreement, or other 
applicable license agreement, including, without limitation, 
that your use is for the sole purpose of programming logic 
devices manufactured by Intel and sold by Intel or its 
authorized distributors.  Please refer to the applicable 
agreement for further details.



+----------------------------------------------------------------------------------+
; Flow Summary                                                                     ;
+------------------------------------+---------------------------------------------+
; Flow Status                        ; Successful - Thu Dec 14 12:43:34 2023       ;
; Quartus Prime Version              ; 16.1.0 Build 196 10/24/2016 SJ Lite Edition ;
; Revision Name                      ; vga_driver_memory_double_buf                ;
; Top-level Entity Name              ; vga_driver_memory_double_buf                ;
; Family                             ; Cyclone IV E                                ;
; Device                             ; EP4CE115F29C7                               ;
; Timing Models                      ; Final                                       ;
; Total logic elements               ; 5,839 / 114,480 ( 5 % )                     ;
;     Total combinational functions  ; 4,262 / 114,480 ( 4 % )                     ;
;     Dedicated logic registers      ; 2,879 / 114,480 ( 3 % )                     ;
; Total registers                    ; 2879                                        ;
; Total pins                         ; 444 / 529 ( 84 % )                          ;
; Total virtual pins                 ; 0                                           ;
; Total memory bits                  ; 2,801,664 / 3,981,312 ( 70 % )              ;
; Embedded Multiplier 9-bit elements ; 72 / 532 ( 14 % )                           ;
; Total PLLs                         ; 0 / 4 ( 0 % )                               ;
+------------------------------------+---------------------------------------------+


+--------------------------------------------------+
; Flow Settings                                    ;
+-------------------+------------------------------+
; Option            ; Setting                      ;
+-------------------+------------------------------+
; Start date & time ; 12/14/2023 12:41:23          ;
; Main task         ; Compilation                  ;
; Revision Name     ; vga_driver_memory_double_buf ;
+-------------------+------------------------------+


+---------------------------------------------------------------------------------------------------------------------------------------------------------------------------------------------------------------------------------------------------------------------------------------------------------------------------------------------------------------------------------------------------------------------------------------------------------------------------------------------------------------------------------------------------------------------------------------------------------+
; Flow Non-Default Global Settings                                                                                                                                                                                                                                                                                                                                                                                                                                                                                                                                                                        ;
+-------------------------------------+------------------------------------------------------------------------------------------------------------------------------------------------------------------------------------------------------------------------------------------------------------------------------------------------------------------------------------------------------------------------------------------------------------------------------------------------------------------------------------------------------------------+---------------+-------------+------------------+
; Assignment Name                     ; Value                                                                                                                                                                                                                                                                                                                                                                                                                                                                                                            ; Default Value ; Entity Name ; Section Id       ;
+-------------------------------------+------------------------------------------------------------------------------------------------------------------------------------------------------------------------------------------------------------------------------------------------------------------------------------------------------------------------------------------------------------------------------------------------------------------------------------------------------------------------------------------------------------------+---------------+-------------+------------------+
; COMPILER_SIGNATURE_ID               ; 238177198224018.170257568320084                                                                                                                                                                                                                                                                                                                                                                                                                                                                                  ; --            ; --          ; --               ;
; ENABLE_SIGNALTAP                    ; On                                                                                                                                                                                                                                                                                                                                                                                                                                                                                                               ; --            ; --          ; --               ;
; MAX_CORE_JUNCTION_TEMP              ; 85                                                                                                                                                                                                                                                                                                                                                                                                                                                                                                               ; --            ; --          ; --               ;
; MIN_CORE_JUNCTION_TEMP              ; 0                                                                                                                                                                                                                                                                                                                                                                                                                                                                                                                ; --            ; --          ; --               ;
; MISC_FILE                           ; vga_frame_inst.v                                                                                                                                                                                                                                                                                                                                                                                                                                                                                                 ; --            ; --          ; --               ;
; MISC_FILE                           ; vga_frame_bb.v                                                                                                                                                                                                                                                                                                                                                                                                                                                                                                   ; --            ; --          ; --               ;
; NOMINAL_CORE_SUPPLY_VOLTAGE         ; 1.2V                                                                                                                                                                                                                                                                                                                                                                                                                                                                                                             ; --            ; --          ; --               ;
; NUM_PARALLEL_PROCESSORS             ; All                                                                                                                                                                                                                                                                                                                                                                                                                                                                                                              ; --            ; --          ; --               ;
; PARTITION_COLOR                     ; -- (Not supported for targeted family)                                                                                                                                                                                                                                                                                                                                                                                                                                                                           ; --            ; --          ; Top              ;
; PARTITION_FITTER_PRESERVATION_LEVEL ; -- (Not supported for targeted family)                                                                                                                                                                                                                                                                                                                                                                                                                                                                           ; --            ; --          ; Top              ;
; PARTITION_NETLIST_TYPE              ; -- (Not supported for targeted family)                                                                                                                                                                                                                                                                                                                                                                                                                                                                           ; --            ; --          ; Top              ;
; POWER_BOARD_THERMAL_MODEL           ; None (CONSERVATIVE)                                                                                                                                                                                                                                                                                                                                                                                                                                                                                              ; --            ; --          ; --               ;
; POWER_PRESET_COOLING_SOLUTION       ; 23 MM HEAT SINK WITH 200 LFPM AIRFLOW                                                                                                                                                                                                                                                                                                                                                                                                                                                                            ; --            ; --          ; --               ;
; PROJECT_OUTPUT_DIRECTORY            ; output_files                                                                                                                                                                                                                                                                                                                                                                                                                                                                                                     ; --            ; --          ; --               ;
; SLD_FILE                            ; db/stp1_auto_stripped.stp                                                                                                                                                                                                                                                                                                                                                                                                                                                                                        ; --            ; --          ; --               ;
; SLD_NODE_CREATOR_ID                 ; 110                                                                                                                                                                                                                                                                                                                                                                                                                                                                                                              ; --            ; --          ; auto_signaltap_0 ;
; SLD_NODE_ENTITY_NAME                ; sld_signaltap                                                                                                                                                                                                                                                                                                                                                                                                                                                                                                    ; --            ; --          ; auto_signaltap_0 ;
; SLD_NODE_PARAMETER_ASSIGNMENT       ; SLD_RAM_BLOCK_TYPE=AUTO                                                                                                                                                                                                                                                                                                                                                                                                                                                                                          ; --            ; --          ; auto_signaltap_0 ;
; SLD_NODE_PARAMETER_ASSIGNMENT       ; SLD_NODE_INFO=805334528                                                                                                                                                                                                                                                                                                                                                                                                                                                                                          ; --            ; --          ; auto_signaltap_0 ;
; SLD_NODE_PARAMETER_ASSIGNMENT       ; SLD_POWER_UP_TRIGGER=0                                                                                                                                                                                                                                                                                                                                                                                                                                                                                           ; --            ; --          ; auto_signaltap_0 ;
; SLD_NODE_PARAMETER_ASSIGNMENT       ; SLD_STORAGE_QUALIFIER_INVERSION_MASK_LENGTH=0                                                                                                                                                                                                                                                                                                                                                                                                                                                                    ; --            ; --          ; auto_signaltap_0 ;
; SLD_NODE_PARAMETER_ASSIGNMENT       ; SLD_SEGMENT_SIZE=8192                                                                                                                                                                                                                                                                                                                                                                                                                                                                                            ; --            ; --          ; auto_signaltap_0 ;
; SLD_NODE_PARAMETER_ASSIGNMENT       ; SLD_ATTRIBUTE_MEM_MODE=OFF                                                                                                                                                                                                                                                                                                                                                                                                                                                                                       ; --            ; --          ; auto_signaltap_0 ;
; SLD_NODE_PARAMETER_ASSIGNMENT       ; SLD_STATE_FLOW_USE_GENERATED=0                                                                                                                                                                                                                                                                                                                                                                                                                                                                                   ; --            ; --          ; auto_signaltap_0 ;
; SLD_NODE_PARAMETER_ASSIGNMENT       ; SLD_STATE_BITS=11                                                                                                                                                                                                                                                                                                                                                                                                                                                                                                ; --            ; --          ; auto_signaltap_0 ;
; SLD_NODE_PARAMETER_ASSIGNMENT       ; SLD_BUFFER_FULL_STOP=1                                                                                                                                                                                                                                                                                                                                                                                                                                                                                           ; --            ; --          ; auto_signaltap_0 ;
; SLD_NODE_PARAMETER_ASSIGNMENT       ; SLD_CURRENT_RESOURCE_WIDTH=1                                                                                                                                                                                                                                                                                                                                                                                                                                                                                     ; --            ; --          ; auto_signaltap_0 ;
; SLD_NODE_PARAMETER_ASSIGNMENT       ; SLD_INCREMENTAL_ROUTING=1                                                                                                                                                                                                                                                                                                                                                                                                                                                                                        ; --            ; --          ; auto_signaltap_0 ;
; SLD_NODE_PARAMETER_ASSIGNMENT       ; SLD_TRIGGER_LEVEL=1                                                                                                                                                                                                                                                                                                                                                                                                                                                                                              ; --            ; --          ; auto_signaltap_0 ;
; SLD_NODE_PARAMETER_ASSIGNMENT       ; SLD_SAMPLE_DEPTH=8192                                                                                                                                                                                                                                                                                                                                                                                                                                                                                            ; --            ; --          ; auto_signaltap_0 ;
; SLD_NODE_PARAMETER_ASSIGNMENT       ; SLD_TRIGGER_IN_ENABLED=0                                                                                                                                                                                                                                                                                                                                                                                                                                                                                         ; --            ; --          ; auto_signaltap_0 ;
; SLD_NODE_PARAMETER_ASSIGNMENT       ; SLD_TRIGGER_PIPELINE=0                                                                                                                                                                                                                                                                                                                                                                                                                                                                                           ; --            ; --          ; auto_signaltap_0 ;
; SLD_NODE_PARAMETER_ASSIGNMENT       ; SLD_RAM_PIPELINE=0                                                                                                                                                                                                                                                                                                                                                                                                                                                                                               ; --            ; --          ; auto_signaltap_0 ;
; SLD_NODE_PARAMETER_ASSIGNMENT       ; SLD_COUNTER_PIPELINE=0                                                                                                                                                                                                                                                                                                                                                                                                                                                                                           ; --            ; --          ; auto_signaltap_0 ;
; SLD_NODE_PARAMETER_ASSIGNMENT       ; SLD_ADVANCED_TRIGGER_ENTITY=basic,1,                                                                                                                                                                                                                                                                                                                                                                                                                                                                             ; --            ; --          ; auto_signaltap_0 ;
; SLD_NODE_PARAMETER_ASSIGNMENT       ; SLD_TRIGGER_LEVEL_PIPELINE=1                                                                                                                                                                                                                                                                                                                                                                                                                                                                                     ; --            ; --          ; auto_signaltap_0 ;
; SLD_NODE_PARAMETER_ASSIGNMENT       ; SLD_ENABLE_ADVANCED_TRIGGER=0                                                                                                                                                                                                                                                                                                                                                                                                                                                                                    ; --            ; --          ; auto_signaltap_0 ;
; SLD_NODE_PARAMETER_ASSIGNMENT       ; SLD_DATA_BITS=150                                                                                                                                                                                                                                                                                                                                                                                                                                                                                                ; --            ; --          ; auto_signaltap_0 ;
; SLD_NODE_PARAMETER_ASSIGNMENT       ; SLD_TRIGGER_BITS=150                                                                                                                                                                                                                                                                                                                                                                                                                                                                                             ; --            ; --          ; auto_signaltap_0 ;
; SLD_NODE_PARAMETER_ASSIGNMENT       ; SLD_STORAGE_QUALIFIER_BITS=150                                                                                                                                                                                                                                                                                                                                                                                                                                                                                   ; --            ; --          ; auto_signaltap_0 ;
; SLD_NODE_PARAMETER_ASSIGNMENT       ; SLD_INVERSION_MASK=000000000000000000000000000000000000000000000000000000000000000000000000000000000000000000000000000000000000000000000000000000000000000000000000000000000000000000000000000000000000000000000000000000000000000000000000000000000000000000000000000000000000000000000000000000000000000000000000000000000000000000000000000000000000000000000000000000000000000000000000000000000000000000000000000000000000000000000000000000000000000000000000000000000000000000000000000000000000000000000 ; --            ; --          ; auto_signaltap_0 ;
; SLD_NODE_PARAMETER_ASSIGNMENT       ; SLD_INVERSION_MASK_LENGTH=477                                                                                                                                                                                                                                                                                                                                                                                                                                                                                    ; --            ; --          ; auto_signaltap_0 ;
; USE_SIGNALTAP_FILE                  ; output_files/stp1.stp                                                                                                                                                                                                                                                                                                                                                                                                                                                                                            ; --            ; --          ; --               ;
+-------------------------------------+------------------------------------------------------------------------------------------------------------------------------------------------------------------------------------------------------------------------------------------------------------------------------------------------------------------------------------------------------------------------------------------------------------------------------------------------------------------------------------------------------------------+---------------+-------------+------------------+


+-------------------------------------------------------------------------------------------------------------------------------+
; Flow Elapsed Time                                                                                                             ;
+---------------------------+--------------+-------------------------+---------------------+------------------------------------+
; Module Name               ; Elapsed Time ; Average Processors Used ; Peak Virtual Memory ; Total CPU Time (on all processors) ;
+---------------------------+--------------+-------------------------+---------------------+------------------------------------+
; Analysis & Synthesis      ; 00:00:58     ; 1.0                     ; 4915 MB             ; 00:00:56                           ;
; Fitter                    ; 00:00:29     ; 1.1                     ; 5780 MB             ; 00:00:39                           ;
; Assembler                 ; 00:00:05     ; 1.0                     ; 4724 MB             ; 00:00:04                           ;
; TimeQuest Timing Analyzer ; 00:00:08     ; 1.1                     ; 4920 MB             ; 00:00:05                           ;
; Total                     ; 00:01:40     ; --                      ; --                  ; 00:01:44                           ;
+---------------------------+--------------+-------------------------+---------------------+------------------------------------+


+-----------------------------------------------------------------------------------------+
; Flow OS Summary                                                                         ;
+---------------------------+------------------+------------+------------+----------------+
; Module Name               ; Machine Hostname ; OS Name    ; OS Version ; Processor type ;
+---------------------------+------------------+------------+------------+----------------+
; Analysis & Synthesis      ; CEC-EGB267-06    ; Windows 10 ; 10.0       ; x86_64         ;
; Fitter                    ; CEC-EGB267-06    ; Windows 10 ; 10.0       ; x86_64         ;
; Assembler                 ; CEC-EGB267-06    ; Windows 10 ; 10.0       ; x86_64         ;
; TimeQuest Timing Analyzer ; CEC-EGB267-06    ; Windows 10 ; 10.0       ; x86_64         ;
+---------------------------+------------------+------------+------------+----------------+


------------
; Flow Log ;
------------
quartus_map --read_settings_files=on --write_settings_files=off vga_driver_memory_double_buf -c vga_driver_memory_double_buf
quartus_fit --read_settings_files=off --write_settings_files=off vga_driver_memory_double_buf -c vga_driver_memory_double_buf
quartus_asm --read_settings_files=off --write_settings_files=off vga_driver_memory_double_buf -c vga_driver_memory_double_buf
quartus_sta vga_driver_memory_double_buf -c vga_driver_memory_double_buf



